<?xml version="1.0" encoding="UTF-8"?>
<testng-results ignored="0" total="1" passed="1" failed="0" skipped="0">
  <reporter-output>
  </reporter-output>
  <suite started-at="2021-09-07T15:29:55 PET" name="Default suite" finished-at="2021-09-07T15:30:07 PET" duration-ms="11698">
    <groups>
    </groups>
    <test started-at="2021-09-07T15:29:55 PET" name="Default test" finished-at="2021-09-07T15:30:07 PET" duration-ms="11698">
      <class name="PruebaMovil.TestWeb">
        <test-method is-config="true" signature="startTest()[pri:0, instance:PruebaMovil.TestWeb@593aaf41]" started-at="2021-09-07T15:29:55 PET" name="startTest" finished-at="2021-09-07T15:29:55 PET" duration-ms="153" status="PASS">
          <reporter-output>
          </reporter-output>
        </test-method> <!-- startTest -->
        <test-method is-config="true" signature="setUp()[pri:0, instance:PruebaMovil.TestWeb@593aaf41]" started-at="2021-09-07T15:29:55 PET" name="setUp" finished-at="2021-09-07T15:29:57 PET" duration-ms="2046" status="PASS">
          <reporter-output>
          </reporter-output>
        </test-method> <!-- setUp -->
        <test-method signature="test()[pri:0, instance:PruebaMovil.TestWeb@593aaf41]" started-at="2021-09-07T15:29:57 PET" name="test" finished-at="2021-09-07T15:30:07 PET" duration-ms="9463" status="PASS">
          <reporter-output>
          </reporter-output>
        </test-method> <!-- test -->
        <test-method is-config="true" signature="tearDown()[pri:0, instance:PruebaMovil.TestWeb@593aaf41]" started-at="2021-09-07T15:30:07 PET" name="tearDown" finished-at="2021-09-07T15:30:07 PET" duration-ms="0" status="PASS">
          <reporter-output>
          </reporter-output>
        </test-method> <!-- tearDown -->
      </class> <!-- PruebaMovil.TestWeb -->
    </test> <!-- Default test -->
  </suite> <!-- Default suite -->
</testng-results>
